rm -f results.xml
"make" -f Makefile results.xml
make[1]: Entering directory '/home/rohit/Coding/GPU'
mkdir -p sim_build
/usr/bin/iverilog -o sim_build/sim.vvp -D COCOTB_SIM=1 -s phoenix_alu -g2012 -g2012 -s tb_dump -f sim_build/cmds.f -s cocotb_iverilog_dump  /home/rohit/Coding/GPU/test/helpers/tb_dump.sv /home/rohit/Coding/GPU/rtl/pkg/phoenix_pkg.sv /home/rohit/Coding/GPU/rtl/cache/phoenix_l1_dcache.sv /home/rohit/Coding/GPU/rtl/cache/phoenix_l1_icache.sv /home/rohit/Coding/GPU/rtl/cache/phoenix_l2_cache.sv /home/rohit/Coding/GPU/rtl/fabric/phoenix_fabric.sv /home/rohit/Coding/GPU/rtl/fabric/phoenix_fabric_router.sv /home/rohit/Coding/GPU/rtl/memory/phoenix_mem_controller.sv /home/rohit/Coding/GPU/rtl/memory/phoenix_global_mem.sv /home/rohit/Coding/GPU/rtl/sm/phoenix_alu.sv /home/rohit/Coding/GPU/rtl/sm/phoenix_sfu.sv /home/rohit/Coding/GPU/rtl/sm/phoenix_decode.sv /home/rohit/Coding/GPU/rtl/sm/phoenix_fetch.sv /home/rohit/Coding/GPU/rtl/sm/phoenix_lsu.sv /home/rohit/Coding/GPU/rtl/sm/phoenix_regfile.sv /home/rohit/Coding/GPU/rtl/sm/phoenix_shared_mem.sv /home/rohit/Coding/GPU/rtl/sm/phoenix_tensor_core.sv /home/rohit/Coding/GPU/rtl/sm/phoenix_warp_scheduler.sv /home/rohit/Coding/GPU/rtl/sm/phoenix_sm.sv /home/rohit/Coding/GPU/rtl/tile/phoenix_dispatcher.sv /home/rohit/Coding/GPU/rtl/tile/phoenix_tile_crossbar.sv /home/rohit/Coding/GPU/rtl/tile/phoenix_tile.sv /home/rohit/Coding/GPU/rtl/phoenix_global_scheduler.sv /home/rohit/Coding/GPU/rtl/phoenix_gpu.sv sim_build/cocotb_iverilog_dump.v
rm -f results.xml
MODULE=test.unit.test_alu TESTCASE= TOPLEVEL=phoenix_alu TOPLEVEL_LANG=verilog \
         /usr/bin/vvp -M /home/rohit/.pyenv/versions/3.10.11/lib/python3.10/site-packages/cocotb/libs -m libcocotbvpi_icarus   sim_build/sim.vvp -fst 
     -.--ns INFO     gpi                                ..mbed/gpi_embed.cpp:79   in set_program_name_in_venv        Did not detect Python virtual environment. Using system-wide Python interpreter
     -.--ns INFO     gpi                                ../gpi/GpiCommon.cpp:101  in gpi_print_registered_impl       VPI registered
     0.00ns INFO     cocotb                             Running on Icarus Verilog version 13.0 (stable)
     0.00ns INFO     cocotb                             Running tests with cocotb v1.9.2 from /home/rohit/.pyenv/versions/3.10.11/lib/python3.10/site-packages/cocotb
     0.00ns INFO     cocotb                             Seeding Python random module with 1783241104
     0.00ns INFO     cocotb.regression                  Found test test.unit.test_alu.alu_random_add_test
     0.00ns INFO     cocotb.regression                  Found test test.unit.test_alu.alu_random_sub_test
     0.00ns INFO     cocotb.regression                  Found test test.unit.test_alu.alu_random_logical_test
     0.00ns INFO     cocotb.regression                  Found test test.unit.test_alu.alu_random_shift_test
     0.00ns INFO     cocotb.regression                  running alu_random_add_test (1/4)
                                                          ISA Verification: Randomized ADD testing
   100.00ns INFO     cocotb.regression                  alu_random_add_test passed
   100.00ns INFO     cocotb.regression                  running alu_random_sub_test (2/4)
                                                          ISA Verification: Randomized SUB testing
   200.00ns INFO     cocotb.regression                  alu_random_sub_test passed
   200.00ns INFO     cocotb.regression                  running alu_random_logical_test (3/4)
                                                          ISA Verification: Randomized AND, OR, XOR testing
   260.00ns INFO     cocotb.regression                  alu_random_logical_test passed
   260.00ns INFO     cocotb.regression                  running alu_random_shift_test (4/4)
                                                          ISA Verification: Randomized SLL, SRL testing
   300.00ns INFO     cocotb.regression                  alu_random_shift_test passed
   300.00ns INFO     cocotb.regression                  ****************************************************************************************************
                                                        ** TEST                                        STATUS  SIM TIME (ns)  REAL TIME (s)  RATIO (ns/s) **
                                                        ****************************************************************************************************
                                                        ** test.unit.test_alu.alu_random_add_test       PASS         100.00           0.01      10128.09  **
                                                        ** test.unit.test_alu.alu_random_sub_test       PASS         100.00           0.01      11064.25  **
                                                        ** test.unit.test_alu.alu_random_logical_test   PASS          60.00           0.01      10517.05  **
                                                        ** test.unit.test_alu.alu_random_shift_test     PASS          40.00           0.00      10607.34  **
                                                        ****************************************************************************************************
                                                        ** TESTS=4 PASS=4 FAIL=0 SKIP=0                              300.00           0.08       3698.16  **
                                                        ****************************************************************************************************
                                                        
FST info: dumpfile dump.vcd opened for output.
FST warning: sim_build/cocotb_iverilog_dump.v:3: $dumpfile called after $dumpvars started,
                                                 using existing file (dump.vcd).
FST warning: ignoring signals in previously scanned scope phoenix_alu.
FST warning: ignoring signals in previously scanned scope phoenix_alu.$ivl_for_loop1.
make[1]: Leaving directory '/home/rohit/Coding/GPU'
