rm -f results.xml
"make" -f Makefile results.xml
make[1]: Entering directory '/home/rohit/Coding/GPU'
mkdir -p sim_build
/usr/bin/iverilog -o sim_build/sim.vvp -D COCOTB_SIM=1 -s phoenix_sfu -g2012 -g2012 -s tb_dump -f sim_build/cmds.f -s cocotb_iverilog_dump  /home/rohit/Coding/GPU/test/helpers/tb_dump.sv /home/rohit/Coding/GPU/rtl/pkg/phoenix_pkg.sv /home/rohit/Coding/GPU/rtl/cache/phoenix_l1_dcache.sv /home/rohit/Coding/GPU/rtl/cache/phoenix_l1_icache.sv /home/rohit/Coding/GPU/rtl/cache/phoenix_l2_cache.sv /home/rohit/Coding/GPU/rtl/fabric/phoenix_fabric.sv /home/rohit/Coding/GPU/rtl/fabric/phoenix_fabric_router.sv /home/rohit/Coding/GPU/rtl/memory/phoenix_mem_controller.sv /home/rohit/Coding/GPU/rtl/memory/phoenix_global_mem.sv /home/rohit/Coding/GPU/rtl/sm/phoenix_alu.sv /home/rohit/Coding/GPU/rtl/sm/phoenix_sfu.sv /home/rohit/Coding/GPU/rtl/sm/phoenix_decode.sv /home/rohit/Coding/GPU/rtl/sm/phoenix_fetch.sv /home/rohit/Coding/GPU/rtl/sm/phoenix_lsu.sv /home/rohit/Coding/GPU/rtl/sm/phoenix_regfile.sv /home/rohit/Coding/GPU/rtl/sm/phoenix_shared_mem.sv /home/rohit/Coding/GPU/rtl/sm/phoenix_tensor_core.sv /home/rohit/Coding/GPU/rtl/sm/phoenix_warp_scheduler.sv /home/rohit/Coding/GPU/rtl/sm/phoenix_sm.sv /home/rohit/Coding/GPU/rtl/tile/phoenix_dispatcher.sv /home/rohit/Coding/GPU/rtl/tile/phoenix_tile_crossbar.sv /home/rohit/Coding/GPU/rtl/tile/phoenix_tile.sv /home/rohit/Coding/GPU/rtl/phoenix_global_scheduler.sv /home/rohit/Coding/GPU/rtl/phoenix_gpu.sv sim_build/cocotb_iverilog_dump.v
rm -f results.xml
MODULE=test.unit.test_isa_control TESTCASE= TOPLEVEL=phoenix_sfu TOPLEVEL_LANG=verilog \
         /usr/bin/vvp -M /home/rohit/.pyenv/versions/3.10.11/lib/python3.10/site-packages/cocotb/libs -m libcocotbvpi_icarus   sim_build/sim.vvp -fst 
     -.--ns INFO     gpi                                ..mbed/gpi_embed.cpp:79   in set_program_name_in_venv        Did not detect Python virtual environment. Using system-wide Python interpreter
     -.--ns INFO     gpi                                ../gpi/GpiCommon.cpp:101  in gpi_print_registered_impl       VPI registered
     0.00ns INFO     cocotb                             Running on Icarus Verilog version 13.0 (stable)
     0.00ns INFO     cocotb                             Running tests with cocotb v1.9.2 from /home/rohit/.pyenv/versions/3.10.11/lib/python3.10/site-packages/cocotb
     0.00ns INFO     cocotb                             Seeding Python random module with 1783241148
     0.00ns INFO     cocotb.regression                  Found test test.unit.test_isa_control.test_sfu_tmc
     0.00ns INFO     cocotb.regression                  running test_sfu_tmc (1/1)
                                                          ISA Verification: Verify TMC (Thread Mask Control) via SFU
    41.00ns INFO     cocotb.regression                  test_sfu_tmc passed
    41.00ns INFO     cocotb.regression                  *************************************************************************************************
                                                        ** TEST                                     STATUS  SIM TIME (ns)  REAL TIME (s)  RATIO (ns/s) **
                                                        *************************************************************************************************
                                                        ** test.unit.test_isa_control.test_sfu_tmc   PASS          41.00           0.00      33372.92  **
                                                        *************************************************************************************************
                                                        ** TESTS=1 PASS=1 FAIL=0 SKIP=0                            41.00           0.05        781.45  **
                                                        *************************************************************************************************
                                                        
FST info: dumpfile dump.vcd opened for output.
FST warning: sim_build/cocotb_iverilog_dump.v:3: $dumpfile called after $dumpvars started,
                                                 using existing file (dump.vcd).
FST warning: ignoring signals in previously scanned scope phoenix_sfu.
make[1]: Leaving directory '/home/rohit/Coding/GPU'
