rm -f results.xml
"make" -f Makefile results.xml
make[1]: Entering directory '/home/rohit/Coding/GPU'
mkdir -p sim_build
/usr/bin/iverilog -o sim_build/sim.vvp -D COCOTB_SIM=1 -s phoenix_decode -g2012 -g2012 -s tb_dump -f sim_build/cmds.f -s cocotb_iverilog_dump  /home/rohit/Coding/GPU/test/helpers/tb_dump.sv /home/rohit/Coding/GPU/rtl/pkg/phoenix_pkg.sv /home/rohit/Coding/GPU/rtl/cache/phoenix_l1_dcache.sv /home/rohit/Coding/GPU/rtl/cache/phoenix_l1_icache.sv /home/rohit/Coding/GPU/rtl/cache/phoenix_l2_cache.sv /home/rohit/Coding/GPU/rtl/fabric/phoenix_fabric.sv /home/rohit/Coding/GPU/rtl/fabric/phoenix_fabric_router.sv /home/rohit/Coding/GPU/rtl/memory/phoenix_mem_controller.sv /home/rohit/Coding/GPU/rtl/memory/phoenix_global_mem.sv /home/rohit/Coding/GPU/rtl/sm/phoenix_alu.sv /home/rohit/Coding/GPU/rtl/sm/phoenix_sfu.sv /home/rohit/Coding/GPU/rtl/sm/phoenix_decode.sv /home/rohit/Coding/GPU/rtl/sm/phoenix_fetch.sv /home/rohit/Coding/GPU/rtl/sm/phoenix_lsu.sv /home/rohit/Coding/GPU/rtl/sm/phoenix_regfile.sv /home/rohit/Coding/GPU/rtl/sm/phoenix_shared_mem.sv /home/rohit/Coding/GPU/rtl/sm/phoenix_tensor_core.sv /home/rohit/Coding/GPU/rtl/sm/phoenix_warp_scheduler.sv /home/rohit/Coding/GPU/rtl/sm/phoenix_sm.sv /home/rohit/Coding/GPU/rtl/tile/phoenix_dispatcher.sv /home/rohit/Coding/GPU/rtl/tile/phoenix_tile_crossbar.sv /home/rohit/Coding/GPU/rtl/tile/phoenix_tile.sv /home/rohit/Coding/GPU/rtl/phoenix_global_scheduler.sv /home/rohit/Coding/GPU/rtl/phoenix_gpu.sv sim_build/cocotb_iverilog_dump.v
rm -f results.xml
MODULE=test.unit.test_decode TESTCASE= TOPLEVEL=phoenix_decode TOPLEVEL_LANG=verilog \
         /usr/bin/vvp -M /home/rohit/.pyenv/versions/3.10.11/lib/python3.10/site-packages/cocotb/libs -m libcocotbvpi_icarus   sim_build/sim.vvp -fst 
     -.--ns INFO     gpi                                ..mbed/gpi_embed.cpp:79   in set_program_name_in_venv        Did not detect Python virtual environment. Using system-wide Python interpreter
     -.--ns INFO     gpi                                ../gpi/GpiCommon.cpp:101  in gpi_print_registered_impl       VPI registered
     0.00ns INFO     cocotb                             Running on Icarus Verilog version 13.0 (stable)
     0.00ns INFO     cocotb                             Running tests with cocotb v1.9.2 from /home/rohit/.pyenv/versions/3.10.11/lib/python3.10/site-packages/cocotb
     0.00ns INFO     cocotb                             Seeding Python random module with 1783241118
     0.00ns INFO     cocotb.regression                  Found test test.unit.test_decode.test_decode_add
     0.00ns INFO     cocotb.regression                  Found test test.unit.test_decode.test_decode_load
     0.00ns INFO     cocotb.regression                  Found test test.unit.test_decode.test_decode_tmma
     0.00ns INFO     cocotb.regression                  running test_decode_add (1/3)
                                                          ISA Verification: Verify standard ADD decoding
     1.00ns INFO     cocotb.regression                  test_decode_add passed
     1.00ns INFO     cocotb.regression                  running test_decode_load (2/3)
                                                          ISA Verification: Verify LW decoding
     2.00ns INFO     cocotb.regression                  test_decode_load passed
     2.00ns INFO     cocotb.regression                  running test_decode_tmma (3/3)
                                                          ISA Verification: Verify Tensor TMMA decoding
     3.00ns INFO     cocotb.regression                  test_decode_tmma passed
     3.00ns INFO     cocotb.regression                  ************************************************************************************************
                                                        ** TEST                                    STATUS  SIM TIME (ns)  REAL TIME (s)  RATIO (ns/s) **
                                                        ************************************************************************************************
                                                        ** test.unit.test_decode.test_decode_add    PASS           1.00           0.00       1343.52  **
                                                        ** test.unit.test_decode.test_decode_load   PASS           1.00           0.00       4927.81  **
                                                        ** test.unit.test_decode.test_decode_tmma   PASS           1.00           0.00       8481.81  **
                                                        ************************************************************************************************
                                                        ** TESTS=3 PASS=3 FAIL=0 SKIP=0                            3.00           0.05         57.28  **
                                                        ************************************************************************************************
                                                        
FST info: dumpfile dump.vcd opened for output.
FST warning: sim_build/cocotb_iverilog_dump.v:3: $dumpfile called after $dumpvars started,
                                                 using existing file (dump.vcd).
FST warning: ignoring signals in previously scanned scope phoenix_decode.
make[1]: Leaving directory '/home/rohit/Coding/GPU'
